{"meta": {"format": 2, "version": "7.4.4", "timestamp": "2024-03-30T18:05:36.986398", "branch_coverage": true, "show_contexts": false}, "files": {"de/__init__.py": {"executed_lines": [1, 3], "summary": {"covered_lines": 1, "num_statements": 1, "percent_covered": 100.0, "percent_covered_display": "100", "missing_lines": 0, "excluded_lines": 0, "num_branches": 0, "num_partial_branches": 0, "covered_branches": 0, "missing_branches": 0}, "missing_lines": [], "excluded_lines": [], "executed_branches": [], "missing_branches": []}, "de/constants.py": {"executed_lines": [1, 3, 5, 6, 7, 8, 9, 10, 11, 12, 14], "summary": {"covered_lines": 10, "num_statements": 10, "percent_covered": 100.0, "percent_covered_display": "100", "missing_lines": 0, "excluded_lines": 0, "num_branches": 2, "num_partial_branches": 0, "covered_branches": 2, "missing_branches": 0}, "missing_lines": [], "excluded_lines": [], "executed_branches": [[5, 6], [5, 7]], "missing_branches": []}, "de/enumerations.py": {"executed_lines": [1, 3, 6, 7, 9, 10, 11, 13], "summary": {"covered_lines": 6, "num_statements": 7, "percent_covered": 85.71428571428571, "percent_covered_display": "86", "missing_lines": 1, "excluded_lines": 0, "num_branches": 0, "num_partial_branches": 0, "covered_branches": 0, "missing_branches": 0}, "missing_lines": [15], "excluded_lines": [], "executed_branches": [], "missing_branches": []}, "de/generate.py": {"executed_lines": [1, 3, 4, 6, 7, 8, 11, 13, 15, 17, 18, 21, 30, 31, 32, 33, 38, 40, 43, 46, 48, 51, 54, 56, 57], "summary": {"covered_lines": 24, "num_statements": 27, "percent_covered": 85.71428571428571, "percent_covered_display": "86", "missing_lines": 3, "excluded_lines": 0, "num_branches": 22, "num_partial_branches": 2, "covered_branches": 18, "missing_branches": 4}, "missing_lines": [14, 34, 35], "excluded_lines": [], "executed_branches": [[13, 15], [17, -17], [17, 17], [17, 18], [30, 31], [30, 32], [32, 33], [40, -40], [40, -38], [40, 40], [46, -46], [46, 48], [48, -48], [48, -43], [48, 48], [54, -54], [54, 56], [56, -56], [56, 56], [56, 57], [57, -57], [57, -51], [57, 57]], "missing_branches": [[13, 14], [32, 34], [34, -21], [34, 35]]}, "tests/__init__.py": {"executed_lines": [], "summary": {"covered_lines": 0, "num_statements": 0, "percent_covered": 100.0, "percent_covered_display": "100", "missing_lines": 0, "excluded_lines": 0, "num_branches": 0, "num_partial_branches": 0, "covered_branches": 0, "missing_branches": 0}, "missing_lines": [], "excluded_lines": [], "executed_branches": [], "missing_branches": []}, "tests/test_constants.py": {"executed_lines": [1], "summary": {"covered_lines": 0, "num_statements": 0, "percent_covered": 100.0, "percent_covered_display": "100", "missing_lines": 0, "excluded_lines": 0, "num_branches": 0, "num_partial_branches": 0, "covered_branches": 0, "missing_branches": 0}, "missing_lines": [], "excluded_lines": [], "executed_branches": [], "missing_branches": []}, "tests/test_generate.py": {"executed_lines": [1, 3, 6, 8, 9, 10, 12, 14, 15, 16, 18, 20, 22, 24, 26, 28, 30, 32, 34, 36, 38, 40, 42, 44, 46], "summary": {"covered_lines": 24, "num_statements": 24, "percent_covered": 100.0, "percent_covered_display": "100", "missing_lines": 0, "excluded_lines": 0, "num_branches": 0, "num_partial_branches": 0, "covered_branches": 0, "missing_branches": 0}, "missing_lines": [], "excluded_lines": [], "executed_branches": [], "missing_branches": []}}, "totals": {"covered_lines": 65, "num_statements": 69, "percent_covered": 91.39784946236558, "percent_covered_display": "91", "missing_lines": 4, "excluded_lines": 0, "num_branches": 24, "num_partial_branches": 2, "covered_branches": 20, "missing_branches": 4}}