{"meta": {"format": 2, "version": "7.4.4", "timestamp": "2024-04-10T22:58:13.186215", "branch_coverage": true, "show_contexts": false}, "files": {"de/__init__.py": {"executed_lines": [1, 3], "summary": {"covered_lines": 1, "num_statements": 1, "percent_covered": 100.0, "percent_covered_display": "100", "missing_lines": 0, "excluded_lines": 0, "num_branches": 0, "num_partial_branches": 0, "covered_branches": 0, "missing_branches": 0}, "missing_lines": [], "excluded_lines": [], "executed_branches": [], "missing_branches": []}, "de/analyze.py": {"executed_lines": [1, 3, 6, 8, 10, 11, 13, 14, 16, 17, 19, 20, 22, 23, 26], "summary": {"covered_lines": 14, "num_statements": 14, "percent_covered": 100.0, "percent_covered_display": "100", "missing_lines": 0, "excluded_lines": 0, "num_branches": 10, "num_partial_branches": 0, "covered_branches": 10, "missing_branches": 0}, "missing_lines": [], "excluded_lines": [], "executed_branches": [[10, 11], [10, 13], [13, 14], [13, 16], [16, 17], [16, 19], [19, 20], [19, 22], [22, 23], [22, 26]], "missing_branches": []}, "de/benchmark.py": {"executed_lines": [1, 3, 4, 6, 7, 11, 20, 21, 22, 23, 24, 34, 35, 36, 37, 39, 40, 41, 42, 44, 47, 52, 53, 54, 59, 62, 67, 68, 69, 73, 74, 77, 79, 80, 81, 82, 85, 86, 87, 89, 91], "summary": {"covered_lines": 40, "num_statements": 49, "percent_covered": 79.45205479452055, "percent_covered_display": "79", "missing_lines": 9, "excluded_lines": 0, "num_branches": 24, "num_partial_branches": 2, "covered_branches": 18, "missing_branches": 6}, "missing_lines": [25, 26, 27, 28, 29, 30, 31, 32, 58], "excluded_lines": [], "executed_branches": [[24, 34], [34, 35], [34, 44], [35, 36], [35, 39], [53, 54], [53, 59], [54, 53], [54, 54], [68, 69], [68, 74], [69, 68], [69, 69], [69, 73], [80, 81], [80, 82], [86, -86], [86, 86], [86, 87], [89, -89], [89, 89], [89, 91]], "missing_branches": [[24, 25], [25, 26], [25, 44], [26, 27], [26, 29], [54, 58]]}, "de/constants.py": {"executed_lines": [1, 3, 5, 6, 7, 8, 9, 10, 11, 12, 14], "summary": {"covered_lines": 10, "num_statements": 10, "percent_covered": 100.0, "percent_covered_display": "100", "missing_lines": 0, "excluded_lines": 0, "num_branches": 2, "num_partial_branches": 0, "covered_branches": 2, "missing_branches": 0}, "missing_lines": [], "excluded_lines": [], "executed_branches": [[5, 6], [5, 7]], "missing_branches": []}, "de/enumerations.py": {"executed_lines": [1, 3, 6, 7, 9, 10, 11, 13, 17, 18, 22, 23, 25, 29, 30, 31, 32, 33, 34, 35, 36, 38], "summary": {"covered_lines": 18, "num_statements": 21, "percent_covered": 85.71428571428571, "percent_covered_display": "86", "missing_lines": 3, "excluded_lines": 0, "num_branches": 0, "num_partial_branches": 0, "covered_branches": 0, "missing_branches": 0}, "missing_lines": [15, 27, 40], "excluded_lines": [], "executed_branches": [], "missing_branches": []}, "de/generate.py": {"executed_lines": [1, 3, 4, 6, 7, 8, 11, 13, 15, 17, 18, 21, 30, 31, 32, 33, 34, 35, 38, 40, 43, 46, 48, 51, 54, 56, 57], "summary": {"covered_lines": 26, "num_statements": 27, "percent_covered": 93.87755102040816, "percent_covered_display": "94", "missing_lines": 1, "excluded_lines": 0, "num_branches": 22, "num_partial_branches": 2, "covered_branches": 20, "missing_branches": 2}, "missing_lines": [14], "excluded_lines": [], "executed_branches": [[13, 15], [17, -17], [17, 17], [17, 18], [30, 31], [30, 32], [32, 33], [32, 34], [34, 35], [40, -40], [40, -38], [40, 40], [46, -46], [46, 48], [48, -48], [48, -43], [48, 48], [54, -54], [54, 56], [56, -56], [56, 56], [56, 57], [57, -57], [57, -51], [57, 57]], "missing_branches": [[13, 14], [34, -21]]}, "de/path.py": {"executed_lines": [1, 4, 5, 6, 7, 11, 15, 17, 20, 23, 26, 31, 33, 34, 39, 41, 44, 45, 46, 47, 51, 53, 56, 58, 70, 72, 73], "summary": {"covered_lines": 26, "num_statements": 42, "percent_covered": 53.03030303030303, "percent_covered_display": "53", "missing_lines": 16, "excluded_lines": 0, "num_branches": 24, "num_partial_branches": 7, "covered_branches": 9, "missing_branches": 15}, "missing_lines": [16, 18, 21, 32, 35, 36, 52, 54, 60, 61, 62, 63, 64, 65, 66, 68], "excluded_lines": [], "executed_branches": [[15, 17], [17, 20], [20, 23], [31, 33], [33, 34], [44, 45], [44, 51], [51, 53], [53, 56]], "missing_branches": [[15, 16], [17, 18], [20, 21], [31, 32], [33, 35], [35, 36], [35, 39], [51, 52], [53, 54], [61, 62], [61, 63], [63, 64], [63, 65], [65, 66], [65, 68]]}, "tests/__init__.py": {"executed_lines": [], "summary": {"covered_lines": 0, "num_statements": 0, "percent_covered": 100.0, "percent_covered_display": "100", "missing_lines": 0, "excluded_lines": 0, "num_branches": 0, "num_partial_branches": 0, "covered_branches": 0, "missing_branches": 0}, "missing_lines": [], "excluded_lines": [], "executed_branches": [], "missing_branches": []}, "tests/benchmarkable_functions.py": {"executed_lines": [1, 3, 5, 9, 12, 13, 17, 18, 21, 22, 23, 25, 26, 27, 28, 29, 30, 33, 53], "summary": {"covered_lines": 18, "num_statements": 41, "percent_covered": 49.23076923076923, "percent_covered_display": "49", "missing_lines": 23, "excluded_lines": 0, "num_branches": 24, "num_partial_branches": 0, "covered_branches": 14, "missing_branches": 10}, "missing_lines": [6, 34, 35, 36, 37, 38, 39, 40, 42, 43, 44, 45, 46, 47, 48, 49, 50, 54, 55, 56, 57, 58, 59], "excluded_lines": [], "executed_branches": [[12, -9], [12, 13], [13, 12], [13, 17], [17, 13], [17, 18], [23, -23], [23, 25], [25, -21], [25, 26], [26, 25], [26, 27], [27, 26], [27, 28]], "missing_branches": [[37, 38], [37, 44], [38, 39], [38, 42], [44, 45], [44, 47], [47, 48], [47, 50], [54, 55], [54, 56]]}, "tests/test_analyze.py": {"executed_lines": [1, 3, 6, 8, 9, 10, 11, 12, 13], "summary": {"covered_lines": 8, "num_statements": 8, "percent_covered": 100.0, "percent_covered_display": "100", "missing_lines": 0, "excluded_lines": 0, "num_branches": 0, "num_partial_branches": 0, "covered_branches": 0, "missing_branches": 0}, "missing_lines": [], "excluded_lines": [], "executed_branches": [], "missing_branches": []}, "tests/test_benchmark.py": {"executed_lines": [1, 3, 5, 6, 8, 10, 12, 13, 14, 15, 16, 18, 20, 21, 22, 23, 24, 26, 28, 29, 30, 31, 32, 34, 36, 37, 38, 40, 42, 43, 44, 46, 48, 49, 51, 53, 54], "summary": {"covered_lines": 36, "num_statements": 36, "percent_covered": 100.0, "percent_covered_display": "100", "missing_lines": 0, "excluded_lines": 0, "num_branches": 0, "num_partial_branches": 0, "covered_branches": 0, "missing_branches": 0}, "missing_lines": [], "excluded_lines": [], "executed_branches": [], "missing_branches": []}, "tests/test_constants.py": {"executed_lines": [1], "summary": {"covered_lines": 0, "num_statements": 0, "percent_covered": 100.0, "percent_covered_display": "100", "missing_lines": 0, "excluded_lines": 0, "num_branches": 0, "num_partial_branches": 0, "covered_branches": 0, "missing_branches": 0}, "missing_lines": [], "excluded_lines": [], "executed_branches": [], "missing_branches": []}, "tests/test_generate.py": {"executed_lines": [1, 3, 6, 8, 9, 10, 12, 14, 15, 16, 17, 18, 19, 20, 21, 22, 24, 26, 28, 30, 32, 34, 36, 38, 40, 42, 44, 46, 48, 50, 52], "summary": {"covered_lines": 30, "num_statements": 30, "percent_covered": 100.0, "percent_covered_display": "100", "missing_lines": 0, "excluded_lines": 0, "num_branches": 6, "num_partial_branches": 0, "covered_branches": 6, "missing_branches": 0}, "missing_lines": [], "excluded_lines": [], "executed_branches": [[16, -16], [16, 16], [16, 17], [19, -19], [19, 19], [19, 20], [22, -22], [22, -12], [22, 22]], "missing_branches": []}, "tests/test_path.py": {"executed_lines": [1, 3, 4, 7, 9, 10, 11, 12, 14, 15, 17, 18, 20, 22, 23, 24, 25, 27, 28, 30, 31, 33, 35, 36, 37, 38, 40, 41, 43, 44], "summary": {"covered_lines": 29, "num_statements": 29, "percent_covered": 100.0, "percent_covered_display": "100", "missing_lines": 0, "excluded_lines": 0, "num_branches": 0, "num_partial_branches": 0, "covered_branches": 0, "missing_branches": 0}, "missing_lines": [], "excluded_lines": [], "executed_branches": [], "missing_branches": []}}, "totals": {"covered_lines": 256, "num_statements": 308, "percent_covered": 79.76190476190476, "percent_covered_display": "80", "missing_lines": 52, "excluded_lines": 0, "num_branches": 112, "num_partial_branches": 11, "covered_branches": 79, "missing_branches": 33}}